  imgui_impl_glfw.cpp
  imgui_impl_opengl3.cpp
  imgui.cpp
  ImGuiFileDialog.cpp
  imgui_draw.cpp
  imgui_stdlib.cpp
  imgui_tables.cpp
  imgui_widgets.cpp
  main.cpp
D:\Chirag\Projects\C++\OpenCV\Document-Scanner-using-OpenCV\Document Scanner\src\main.cpp(145,26): warning C4244: 'initializing': conversion from 'int' to 'float', possible loss of data
Intermediates\main.obj : warning LNK4042: object specified more than once; extras ignored
LINK : warning LNK4098: defaultlib 'MSVCRTD' conflicts with use of other libs; use /NODEFAULTLIB:library
  Generating code
  0 of 4616 functions ( 0.0%) were compiled, the rest were copied from previous compilation.
    0 functions were new in current compilation
    0 functions had inline decision re-evaluated but remain unchanged
  Finished generating code
glfw3.lib(input.obj) : warning LNK4099: PDB 'glfw3.pdb' was not found with 'glfw3.lib(input.obj)' or at 'D:\Chirag\Projects\C++\OpenCV\Document-Scanner-using-OpenCV\Document Scanner\bin\Release x64\glfw3.pdb'; linking object as if no debug info
glfw3.lib(window.obj) : warning LNK4099: PDB 'glfw3.pdb' was not found with 'glfw3.lib(window.obj)' or at 'D:\Chirag\Projects\C++\OpenCV\Document-Scanner-using-OpenCV\Document Scanner\bin\Release x64\glfw3.pdb'; linking object as if no debug info
glfw3.lib(monitor.obj) : warning LNK4099: PDB 'glfw3.pdb' was not found with 'glfw3.lib(monitor.obj)' or at 'D:\Chirag\Projects\C++\OpenCV\Document-Scanner-using-OpenCV\Document Scanner\bin\Release x64\glfw3.pdb'; linking object as if no debug info
glfw3.lib(init.obj) : warning LNK4099: PDB 'glfw3.pdb' was not found with 'glfw3.lib(init.obj)' or at 'D:\Chirag\Projects\C++\OpenCV\Document-Scanner-using-OpenCV\Document Scanner\bin\Release x64\glfw3.pdb'; linking object as if no debug info
glfw3.lib(win32_window.obj) : warning LNK4099: PDB 'glfw3.pdb' was not found with 'glfw3.lib(win32_window.obj)' or at 'D:\Chirag\Projects\C++\OpenCV\Document-Scanner-using-OpenCV\Document Scanner\bin\Release x64\glfw3.pdb'; linking object as if no debug info
glfw3.lib(context.obj) : warning LNK4099: PDB 'glfw3.pdb' was not found with 'glfw3.lib(context.obj)' or at 'D:\Chirag\Projects\C++\OpenCV\Document-Scanner-using-OpenCV\Document Scanner\bin\Release x64\glfw3.pdb'; linking object as if no debug info
glfw3.lib(win32_time.obj) : warning LNK4099: PDB 'glfw3.pdb' was not found with 'glfw3.lib(win32_time.obj)' or at 'D:\Chirag\Projects\C++\OpenCV\Document-Scanner-using-OpenCV\Document Scanner\bin\Release x64\glfw3.pdb'; linking object as if no debug info
glfw3.lib(win32_thread.obj) : warning LNK4099: PDB 'glfw3.pdb' was not found with 'glfw3.lib(win32_thread.obj)' or at 'D:\Chirag\Projects\C++\OpenCV\Document-Scanner-using-OpenCV\Document Scanner\bin\Release x64\glfw3.pdb'; linking object as if no debug info
glfw3.lib(platform.obj) : warning LNK4099: PDB 'glfw3.pdb' was not found with 'glfw3.lib(platform.obj)' or at 'D:\Chirag\Projects\C++\OpenCV\Document-Scanner-using-OpenCV\Document Scanner\bin\Release x64\glfw3.pdb'; linking object as if no debug info
glfw3.lib(vulkan.obj) : warning LNK4099: PDB 'glfw3.pdb' was not found with 'glfw3.lib(vulkan.obj)' or at 'D:\Chirag\Projects\C++\OpenCV\Document-Scanner-using-OpenCV\Document Scanner\bin\Release x64\glfw3.pdb'; linking object as if no debug info
glfw3.lib(win32_init.obj) : warning LNK4099: PDB 'glfw3.pdb' was not found with 'glfw3.lib(win32_init.obj)' or at 'D:\Chirag\Projects\C++\OpenCV\Document-Scanner-using-OpenCV\Document Scanner\bin\Release x64\glfw3.pdb'; linking object as if no debug info
glfw3.lib(win32_monitor.obj) : warning LNK4099: PDB 'glfw3.pdb' was not found with 'glfw3.lib(win32_monitor.obj)' or at 'D:\Chirag\Projects\C++\OpenCV\Document-Scanner-using-OpenCV\Document Scanner\bin\Release x64\glfw3.pdb'; linking object as if no debug info
glfw3.lib(wgl_context.obj) : warning LNK4099: PDB 'glfw3.pdb' was not found with 'glfw3.lib(wgl_context.obj)' or at 'D:\Chirag\Projects\C++\OpenCV\Document-Scanner-using-OpenCV\Document Scanner\bin\Release x64\glfw3.pdb'; linking object as if no debug info
glfw3.lib(egl_context.obj) : warning LNK4099: PDB 'glfw3.pdb' was not found with 'glfw3.lib(egl_context.obj)' or at 'D:\Chirag\Projects\C++\OpenCV\Document-Scanner-using-OpenCV\Document Scanner\bin\Release x64\glfw3.pdb'; linking object as if no debug info
glfw3.lib(osmesa_context.obj) : warning LNK4099: PDB 'glfw3.pdb' was not found with 'glfw3.lib(osmesa_context.obj)' or at 'D:\Chirag\Projects\C++\OpenCV\Document-Scanner-using-OpenCV\Document Scanner\bin\Release x64\glfw3.pdb'; linking object as if no debug info
glfw3.lib(null_init.obj) : warning LNK4099: PDB 'glfw3.pdb' was not found with 'glfw3.lib(null_init.obj)' or at 'D:\Chirag\Projects\C++\OpenCV\Document-Scanner-using-OpenCV\Document Scanner\bin\Release x64\glfw3.pdb'; linking object as if no debug info
glfw3.lib(win32_module.obj) : warning LNK4099: PDB 'glfw3.pdb' was not found with 'glfw3.lib(win32_module.obj)' or at 'D:\Chirag\Projects\C++\OpenCV\Document-Scanner-using-OpenCV\Document Scanner\bin\Release x64\glfw3.pdb'; linking object as if no debug info
glfw3.lib(win32_joystick.obj) : warning LNK4099: PDB 'glfw3.pdb' was not found with 'glfw3.lib(win32_joystick.obj)' or at 'D:\Chirag\Projects\C++\OpenCV\Document-Scanner-using-OpenCV\Document Scanner\bin\Release x64\glfw3.pdb'; linking object as if no debug info
glfw3.lib(null_monitor.obj) : warning LNK4099: PDB 'glfw3.pdb' was not found with 'glfw3.lib(null_monitor.obj)' or at 'D:\Chirag\Projects\C++\OpenCV\Document-Scanner-using-OpenCV\Document Scanner\bin\Release x64\glfw3.pdb'; linking object as if no debug info
glfw3.lib(null_window.obj) : warning LNK4099: PDB 'glfw3.pdb' was not found with 'glfw3.lib(null_window.obj)' or at 'D:\Chirag\Projects\C++\OpenCV\Document-Scanner-using-OpenCV\Document Scanner\bin\Release x64\glfw3.pdb'; linking object as if no debug info
glfw3.lib(null_joystick.obj) : warning LNK4099: PDB 'glfw3.pdb' was not found with 'glfw3.lib(null_joystick.obj)' or at 'D:\Chirag\Projects\C++\OpenCV\Document-Scanner-using-OpenCV\Document Scanner\bin\Release x64\glfw3.pdb'; linking object as if no debug info
  Document Scanner.vcxproj -> D:\Chirag\Projects\C++\OpenCV\Document-Scanner-using-OpenCV\Document Scanner\bin\Release x64\Document Scanner.exe
