d:\chirag\projects\c++\opencv\document-scanner-using-opencv\document scanner\intermediates\vc143.pdb
d:\chirag\projects\c++\opencv\document-scanner-using-opencv\document scanner\intermediates\vc143.idb
d:\chirag\projects\c++\opencv\document-scanner-using-opencv\document scanner\intermediates\imgui_impl_glfw.obj
d:\chirag\projects\c++\opencv\document-scanner-using-opencv\document scanner\intermediates\main.obj
d:\chirag\projects\c++\opencv\document-scanner-using-opencv\document scanner\intermediates\imgui_widgets.obj
d:\chirag\projects\c++\opencv\document-scanner-using-opencv\document scanner\intermediates\imgui_tables.obj
d:\chirag\projects\c++\opencv\document-scanner-using-opencv\document scanner\intermediates\imgui_stdlib.obj
d:\chirag\projects\c++\opencv\document-scanner-using-opencv\document scanner\intermediates\imgui_draw.obj
d:\chirag\projects\c++\opencv\document-scanner-using-opencv\document scanner\intermediates\imgui.obj
d:\chirag\projects\c++\opencv\document-scanner-using-opencv\document scanner\intermediates\imgui_impl_opengl3.obj
d:\chirag\projects\c++\opencv\document-scanner-using-opencv\document scanner\bin\debug x64\document scanner.exe
d:\chirag\projects\c++\opencv\document-scanner-using-opencv\document scanner\bin\debug x64\document scanner.pdb
d:\chirag\projects\c++\opencv\document-scanner-using-opencv\document scanner\bin\release x64\document scanner.exe
d:\chirag\projects\c++\opencv\document-scanner-using-opencv\document scanner\bin\release x64\document scanner.pdb
d:\chirag\projects\c++\opencv\document-scanner-using-opencv\document scanner\intermediates\document scanner.ipdb
d:\chirag\projects\c++\opencv\document-scanner-using-opencv\document scanner\intermediates\document scanner.iobj
d:\chirag\projects\c++\opencv\document-scanner-using-opencv\document scanner\intermediates\document scanner.tlog\cl.command.1.tlog
d:\chirag\projects\c++\opencv\document-scanner-using-opencv\document scanner\intermediates\document scanner.tlog\cl.items.tlog
d:\chirag\projects\c++\opencv\document-scanner-using-opencv\document scanner\intermediates\document scanner.tlog\cl.read.1.tlog
d:\chirag\projects\c++\opencv\document-scanner-using-opencv\document scanner\intermediates\document scanner.tlog\cl.write.1.tlog
d:\chirag\projects\c++\opencv\document-scanner-using-opencv\document scanner\intermediates\document scanner.tlog\link.command.1.tlog
d:\chirag\projects\c++\opencv\document-scanner-using-opencv\document scanner\intermediates\document scanner.tlog\link.read.1.tlog
d:\chirag\projects\c++\opencv\document-scanner-using-opencv\document scanner\intermediates\document scanner.tlog\link.secondary.1.tlog
d:\chirag\projects\c++\opencv\document-scanner-using-opencv\document scanner\intermediates\document scanner.tlog\link.write.1.tlog
